{"C:\\Users\\steve\\Desktop\\React2\\backend\\server.js": {"path":"C:\\Users\\steve\\Desktop\\React2\\backend\\server.js","statementMap":{"0":{"start":{"line":1,"column":0},"end":{"line":1,"column":27}},"1":{"start":{"line":2,"column":16},"end":{"line":2,"column":34}},"2":{"start":{"line":3,"column":17},"end":{"line":3,"column":36}},"3":{"start":{"line":4,"column":13},"end":{"line":4,"column":28}},"4":{"start":{"line":6,"column":19},"end":{"line":6,"column":43}},"5":{"start":{"line":8,"column":12},"end":{"line":8,"column":21}},"6":{"start":{"line":9,"column":0},"end":{"line":9,"column":24}},"7":{"start":{"line":10,"column":0},"end":{"line":10,"column":16}},"8":{"start":{"line":12,"column":0},"end":{"line":14,"column":38}},"9":{"start":{"line":13,"column":16},"end":{"line":13,"column":48}},"10":{"start":{"line":14,"column":18},"end":{"line":14,"column":36}},"11":{"start":{"line":16,"column":0},"end":{"line":16,"column":33}},"12":{"start":{"line":20,"column":0},"end":{"line":22,"column":3}},"13":{"start":{"line":21,"column":4},"end":{"line":21,"column":71}},"14":{"start":{"line":21,"column":27},"end":{"line":21,"column":69}},"15":{"start":{"line":24,"column":2},"end":{"line":24,"column":23}}},"fnMap":{"0":{"name":"(anonymous_0)","decl":{"start":{"line":13,"column":10},"end":{"line":13,"column":11}},"loc":{"start":{"line":13,"column":16},"end":{"line":13,"column":48}},"line":13},"1":{"name":"(anonymous_1)","decl":{"start":{"line":14,"column":11},"end":{"line":14,"column":12}},"loc":{"start":{"line":14,"column":18},"end":{"line":14,"column":36}},"line":14},"2":{"name":"(anonymous_2)","decl":{"start":{"line":21,"column":21},"end":{"line":21,"column":22}},"loc":{"start":{"line":21,"column":27},"end":{"line":21,"column":69}},"line":21}},"branchMap":{"0":{"loc":{"start":{"line":20,"column":0},"end":{"line":22,"column":3}},"type":"if","locations":[{"start":{"line":20,"column":0},"end":{"line":22,"column":3}},{"start":{},"end":{}}],"line":20}},"s":{"0":1,"1":1,"2":1,"3":1,"4":1,"5":1,"6":1,"7":1,"8":1,"9":1,"10":0,"11":1,"12":1,"13":0,"14":0,"15":1},"f":{"0":1,"1":0,"2":0},"b":{"0":[0,1]},"_coverageSchema":"1a1c01bbd47fc00a2c39e90264f33305004495a9","hash":"cc89565bd59f39f2c3580b2f061b719788aafbd5"}
,"C:\\Users\\steve\\Desktop\\React2\\backend\\models\\User.js": {"path":"C:\\Users\\steve\\Desktop\\React2\\backend\\models\\User.js","statementMap":{"0":{"start":{"line":1,"column":17},"end":{"line":1,"column":36}},"1":{"start":{"line":3,"column":19},"end":{"line":9,"column":2}},"2":{"start":{"line":11,"column":0},"end":{"line":11,"column":52}}},"fnMap":{},"branchMap":{},"s":{"0":2,"1":2,"2":2},"f":{},"b":{},"_coverageSchema":"1a1c01bbd47fc00a2c39e90264f33305004495a9","hash":"71b8b89dcf0eaee5218018554ec023a6f5895bc2"}
,"C:\\Users\\steve\\Desktop\\React2\\backend\\routes\\auth.js": {"path":"C:\\Users\\steve\\Desktop\\React2\\backend\\routes\\auth.js","statementMap":{"0":{"start":{"line":1,"column":16},"end":{"line":1,"column":34}},"1":{"start":{"line":2,"column":15},"end":{"line":2,"column":34}},"2":{"start":{"line":3,"column":12},"end":{"line":3,"column":35}},"3":{"start":{"line":4,"column":13},"end":{"line":4,"column":38}},"4":{"start":{"line":5,"column":19},"end":{"line":5,"column":40}},"5":{"start":{"line":7,"column":15},"end":{"line":7,"column":31}},"6":{"start":{"line":10,"column":0},"end":{"line":31,"column":3}},"7":{"start":{"line":11,"column":59},"end":{"line":11,"column":67}},"8":{"start":{"line":13,"column":4},"end":{"line":15,"column":5}},"9":{"start":{"line":14,"column":8},"end":{"line":14,"column":75}},"10":{"start":{"line":17,"column":4},"end":{"line":30,"column":5}},"11":{"start":{"line":18,"column":29},"end":{"line":18,"column":58}},"12":{"start":{"line":19,"column":8},"end":{"line":19,"column":91}},"13":{"start":{"line":19,"column":26},"end":{"line":19,"column":91}},"14":{"start":{"line":21,"column":31},"end":{"line":21,"column":62}},"15":{"start":{"line":23,"column":24},"end":{"line":23,"column":79}},"16":{"start":{"line":24,"column":8},"end":{"line":24,"column":29}},"17":{"start":{"line":26,"column":8},"end":{"line":26,"column":74}},"18":{"start":{"line":28,"column":8},"end":{"line":28,"column":29}},"19":{"start":{"line":29,"column":8},"end":{"line":29,"column":62}},"20":{"start":{"line":34,"column":0},"end":{"line":50,"column":3}},"21":{"start":{"line":35,"column":32},"end":{"line":35,"column":40}},"22":{"start":{"line":37,"column":4},"end":{"line":49,"column":5}},"23":{"start":{"line":38,"column":21},"end":{"line":38,"column":50}},"24":{"start":{"line":39,"column":8},"end":{"line":39,"column":89}},"25":{"start":{"line":39,"column":19},"end":{"line":39,"column":89}},"26":{"start":{"line":41,"column":32},"end":{"line":41,"column":77}},"27":{"start":{"line":42,"column":8},"end":{"line":42,"column":100}},"28":{"start":{"line":42,"column":30},"end":{"line":42,"column":100}},"29":{"start":{"line":44,"column":22},"end":{"line":44,"column":93}},"30":{"start":{"line":46,"column":8},"end":{"line":46,"column":100}},"31":{"start":{"line":48,"column":8},"end":{"line":48,"column":62}},"32":{"start":{"line":104,"column":0},"end":{"line":104,"column":24}}},"fnMap":{"0":{"name":"(anonymous_0)","decl":{"start":{"line":10,"column":23},"end":{"line":10,"column":24}},"loc":{"start":{"line":10,"column":43},"end":{"line":31,"column":1}},"line":10},"1":{"name":"(anonymous_1)","decl":{"start":{"line":34,"column":22},"end":{"line":34,"column":23}},"loc":{"start":{"line":34,"column":42},"end":{"line":50,"column":1}},"line":34}},"branchMap":{"0":{"loc":{"start":{"line":13,"column":4},"end":{"line":15,"column":5}},"type":"if","locations":[{"start":{"line":13,"column":4},"end":{"line":15,"column":5}},{"start":{},"end":{}}],"line":13},"1":{"loc":{"start":{"line":19,"column":8},"end":{"line":19,"column":91}},"type":"if","locations":[{"start":{"line":19,"column":8},"end":{"line":19,"column":91}},{"start":{},"end":{}}],"line":19},"2":{"loc":{"start":{"line":39,"column":8},"end":{"line":39,"column":89}},"type":"if","locations":[{"start":{"line":39,"column":8},"end":{"line":39,"column":89}},{"start":{},"end":{}}],"line":39},"3":{"loc":{"start":{"line":42,"column":8},"end":{"line":42,"column":100}},"type":"if","locations":[{"start":{"line":42,"column":8},"end":{"line":42,"column":100}},{"start":{},"end":{}}],"line":42}},"s":{"0":1,"1":1,"2":1,"3":1,"4":1,"5":1,"6":1,"7":6,"8":6,"9":1,"10":5,"11":5,"12":5,"13":1,"14":4,"15":4,"16":4,"17":4,"18":0,"19":0,"20":1,"21":3,"22":3,"23":3,"24":3,"25":1,"26":2,"27":2,"28":1,"29":1,"30":1,"31":0,"32":1},"f":{"0":6,"1":3},"b":{"0":[1,5],"1":[1,4],"2":[1,2],"3":[1,1]},"_coverageSchema":"1a1c01bbd47fc00a2c39e90264f33305004495a9","hash":"613ea62545472d55a50883f956684e60e7455631"}
}
