TN:
SF:server.js
FN:13,(anonymous_0)
FN:14,(anonymous_1)
FN:21,(anonymous_2)
FNF:3
FNH:1
FNDA:1,(anonymous_0)
FNDA:0,(anonymous_1)
FNDA:0,(anonymous_2)
DA:1,1
DA:2,1
DA:3,1
DA:4,1
DA:6,1
DA:8,1
DA:9,1
DA:10,1
DA:12,1
DA:13,1
DA:14,0
DA:16,1
DA:20,1
DA:21,0
DA:24,1
LF:15
LH:13
BRDA:20,0,0,0
BRDA:20,0,1,1
BRF:2
BRH:1
end_of_record
TN:
SF:models\User.js
FNF:0
FNH:0
DA:1,2
DA:3,2
DA:11,2
LF:3
LH:3
BRF:0
BRH:0
end_of_record
TN:
SF:routes\auth.js
FN:10,(anonymous_0)
FN:34,(anonymous_1)
FNF:2
FNH:2
FNDA:6,(anonymous_0)
FNDA:3,(anonymous_1)
DA:1,1
DA:2,1
DA:3,1
DA:4,1
DA:5,1
DA:7,1
DA:10,1
DA:11,6
DA:13,6
DA:14,1
DA:17,5
DA:18,5
DA:19,5
DA:21,4
DA:23,4
DA:24,4
DA:26,4
DA:28,0
DA:29,0
DA:34,1
DA:35,3
DA:37,3
DA:38,3
DA:39,3
DA:41,2
DA:42,2
DA:44,1
DA:46,1
DA:48,0
DA:104,1
LF:30
LH:27
BRDA:13,0,0,1
BRDA:13,0,1,5
BRDA:19,1,0,1
BRDA:19,1,1,4
BRDA:39,2,0,1
BRDA:39,2,1,2
BRDA:42,3,0,1
BRDA:42,3,1,1
BRF:8
BRH:8
end_of_record
